Using pre-set license
Built from '2021.3/staging' branch; Version is '2021.3.6f1 (7da38d85baf6) revision 8233869'; Using compiler version '192829333'; Build Type 'Release'
OS: 'Windows 10  (10.0.19044) 64bit Professional' Language: 'ko' Physical Memory: 16266 MB
BatchMode: 1, IsHumanControllingUs: 0, StartBugReporterOnCrash: 0, Is64bit: 1, IsPro: 1

COMMAND LINE ARGUMENTS:
C:\Program Files\Unity\Hub\Editor\2021.3.6f1\Editor\Unity.exe
-adb2
-batchMode
-noUpm
-name
AssetImportWorker0
-projectPath
D:/unity/Github/UniRun/Uni-Run
-logFile
Logs/AssetImportWorker0.log
-srvPort
58746
Successfully changed project path to: D:/unity/Github/UniRun/Uni-Run
D:/unity/Github/UniRun/Uni-Run
[UnityMemory] Configuration Parameters - Can be set up in boot.config
    "memorysetup-bucket-allocator-granularity=16"
    "memorysetup-bucket-allocator-bucket-count=8"
    "memorysetup-bucket-allocator-block-size=33554432"
    "memorysetup-bucket-allocator-block-count=8"
    "memorysetup-main-allocator-block-size=16777216"
    "memorysetup-thread-allocator-block-size=16777216"
    "memorysetup-gfx-main-allocator-block-size=16777216"
    "memorysetup-gfx-thread-allocator-block-size=16777216"
    "memorysetup-cache-allocator-block-size=4194304"
    "memorysetup-typetree-allocator-block-size=2097152"
    "memorysetup-profiler-bucket-allocator-granularity=16"
    "memorysetup-profiler-bucket-allocator-bucket-count=8"
    "memorysetup-profiler-bucket-allocator-block-size=33554432"
    "memorysetup-profiler-bucket-allocator-block-count=8"
    "memorysetup-profiler-allocator-block-size=16777216"
    "memorysetup-profiler-editor-allocator-block-size=1048576"
    "memorysetup-temp-allocator-size-main=16777216"
    "memorysetup-job-temp-allocator-block-size=2097152"
    "memorysetup-job-temp-allocator-block-size-background=1048576"
    "memorysetup-job-temp-allocator-reduction-small-platforms=262144"
    "memorysetup-temp-allocator-size-background-worker=32768"
    "memorysetup-temp-allocator-size-job-worker=262144"
    "memorysetup-temp-allocator-size-preload-manager=33554432"
    "memorysetup-temp-allocator-size-nav-mesh-worker=65536"
    "memorysetup-temp-allocator-size-audio-worker=65536"
    "memorysetup-temp-allocator-size-cloud-worker=32768"
    "memorysetup-temp-allocator-size-gi-baking-worker=262144"
    "memorysetup-temp-allocator-size-gfx=262144"
Refreshing native plugins compatible for Editor in 110.68 ms, found 4 plugins.
Preloading 0 native plugins for Editor in 0.00 ms.
Initialize engine version: 2021.3.6f1 (7da38d85baf6)
[Subsystems] Discovering subsystems at path C:/Program Files/Unity/Hub/Editor/2021.3.6f1/Editor/Data/Resources/UnitySubsystems
[Subsystems] Discovering subsystems at path D:/unity/Github/UniRun/Uni-Run/Assets
GfxDevice: creating device client; threaded=0; jobified=0
Direct3D:
    Version:  Direct3D 11.0 [level 11.1]
    Renderer: NVIDIA GeForce GTX 1060 3GB (ID=0x1c02)
    Vendor:   NVIDIA
    VRAM:     2988 MB
    Driver:   30.0.15.1215
Initialize mono
Mono path[0] = 'C:/Program Files/Unity/Hub/Editor/2021.3.6f1/Editor/Data/Managed'
Mono path[1] = 'C:/Program Files/Unity/Hub/Editor/2021.3.6f1/Editor/Data/MonoBleedingEdge/lib/mono/unityjit-win32'
Mono config path = 'C:/Program Files/Unity/Hub/Editor/2021.3.6f1/Editor/Data/MonoBleedingEdge/etc'
Using monoOptions --debugger-agent=transport=dt_socket,embedding=1,server=y,suspend=n,address=127.0.0.1:56704
Begin MonoManager ReloadAssembly
Registering precompiled unity dll's ...
Register platform support module: C:/Program Files/Unity/Hub/Editor/2021.3.6f1/Editor/Data/PlaybackEngines/WindowsStandaloneSupport/UnityEditor.WindowsStandalone.Extensions.dll
Registered in 0.009177 seconds.
Native extension for WindowsStandalone target not found
Refreshing native plugins compatible for Editor in 112.42 ms, found 4 plugins.
Preloading 0 native plugins for Editor in 0.00 ms.
Mono: successfully reloaded assembly
- Completed reload, in  0.737 seconds
Domain Reload Profiling:
	ReloadAssembly (737ms)
		BeginReloadAssembly (84ms)
			ExecutionOrderSort (0ms)
			DisableScriptedObjects (0ms)
			BackupInstance (0ms)
			ReleaseScriptingObjects (0ms)
			CreateAndSetChildDomain (1ms)
		EndReloadAssembly (527ms)
			LoadAssemblies (81ms)
			RebuildTransferFunctionScriptingTraits (0ms)
			SetupTypeCache (119ms)
			ReleaseScriptCaches (0ms)
			RebuildScriptCaches (31ms)
			SetupLoadedEditorAssemblies (317ms)
				LogAssemblyErrors (0ms)
				InitializePlatformSupportModulesInManaged (9ms)
				SetLoadedEditorAssemblies (0ms)
				RefreshPlugins (112ms)
				BeforeProcessingInitializeOnLoad (1ms)
				ProcessInitializeOnLoadAttributes (134ms)
				ProcessInitializeOnLoadMethodAttributes (61ms)
				AfterProcessingInitializeOnLoad (0ms)
				EditorAssembliesLoaded (0ms)
			ExecutionOrderSort2 (0ms)
			AwakeInstancesAfterBackupRestoration (0ms)
Platform modules already initialized, skipping
Registering precompiled user dll's ...
Registered in 0.006932 seconds.
Begin MonoManager ReloadAssembly
Symbol file LoadedFromMemory doesn't match image D:\unity\Github\UniRun\Uni-Run\Library\PackageCache\com.unity.visualscripting@1.7.8\Editor\VisualScripting.Core\Dependencies\YamlDotNet\Unity.VisualScripting.YamlDotNet.dll
Symbol file LoadedFromMemory doesn't match image D:\unity\Github\UniRun\Uni-Run\Library\PackageCache\com.unity.visualscripting@1.7.8\Editor\VisualScripting.Core\Dependencies\DotNetZip\Unity.VisualScripting.IonicZip.dll
Native extension for WindowsStandalone target not found
Refreshing native plugins compatible for Editor in 110.06 ms, found 4 plugins.
Preloading 0 native plugins for Editor in 0.00 ms.
Mono: successfully reloaded assembly
- Completed reload, in  1.314 seconds
Domain Reload Profiling:
	ReloadAssembly (1315ms)
		BeginReloadAssembly (124ms)
			ExecutionOrderSort (0ms)
			DisableScriptedObjects (7ms)
			BackupInstance (0ms)
			ReleaseScriptingObjects (0ms)
			CreateAndSetChildDomain (21ms)
		EndReloadAssembly (1055ms)
			LoadAssemblies (92ms)
			RebuildTransferFunctionScriptingTraits (0ms)
			SetupTypeCache (298ms)
			ReleaseScriptCaches (1ms)
			RebuildScriptCaches (60ms)
			SetupLoadedEditorAssemblies (555ms)
				LogAssemblyErrors (0ms)
				InitializePlatformSupportModulesInManaged (6ms)
				SetLoadedEditorAssemblies (0ms)
				RefreshPlugins (110ms)
				BeforeProcessingInitializeOnLoad (116ms)
				ProcessInitializeOnLoadAttributes (265ms)
				ProcessInitializeOnLoadMethodAttributes (47ms)
				AfterProcessingInitializeOnLoad (10ms)
				EditorAssembliesLoaded (0ms)
			ExecutionOrderSort2 (0ms)
			AwakeInstancesAfterBackupRestoration (7ms)
Platform modules already initialized, skipping
========================================================================
Worker process is ready to serve import requests
Launched and connected shader compiler UnityShaderCompiler.exe after 0.05 seconds
Refreshing native plugins compatible for Editor in 0.87 ms, found 4 plugins.
Preloading 0 native plugins for Editor in 0.00 ms.
Unloading 4057 Unused Serialized files (Serialized files now loaded: 0)
Unloading 44 unused Assets / (222.4 KB). Loaded Objects now: 4507.
Memory consumption went from 155.4 MB to 155.1 MB.
Total: 3.643500 ms (FindLiveObjects: 0.350300 ms CreateObjectMapping: 0.314300 ms MarkObjects: 2.817600 ms  DeleteObjects: 0.160500 ms)

AssetImportParameters requested are different than current active one (requested -> active):
  custom:video-decoder-ogg-theora: a1e56fd34408186e4bbccfd4996cb3dc -> 
  custom:container-muxer-webm: aa71ff27fc2769a1b78a27578f13a17b -> 
  custom:container-demuxer-webm: 4f35f7cbe854078d1ac9338744f61a02 -> 
  custom:video-encoder-webm-vp8: eb34c28f22e8b96e1ab97ce403110664 -> 
  custom:audio-encoder-webm-vorbis: bf7c407c2cedff20999df2af8eb42d56 -> 
  custom:framework-win-MediaFoundation: 216162199b28c13a410421893ffa2e32 -> 
  custom:container-demuxer-ogg: 62fdf1f143b41e24485cea50d1cbac27 -> 
  custom:video-decoder-webm-vp8: 9c59270c3fd7afecdb556c50c9e8de78 -> 
  custom:audio-decoder-ogg-vorbis: bf7c407c2cedff20999df2af8eb42d56 -> 
========================================================================
Received Import Request.
  Time since last request: 354800.900349 seconds.
  path: Assets/01.Scenes
  artifactKey: Guid(131a6b21c8605f84396be9f6751fb6e3) Importer(815301076,1909f56bfc062723c751e8b465ee728b)
Start importing Assets/01.Scenes using Guid(131a6b21c8605f84396be9f6751fb6e3) Importer(815301076,1909f56bfc062723c751e8b465ee728b)  -> (artifact id: '2b9ff3029b05852e20978d90df2ee370') in 0.010608 seconds 
========================================================================
Received Import Request.
  Time since last request: 1.286067 seconds.
  path: Assets
  artifactKey: Guid(00000000000000001000000000000000) Importer(815301076,1909f56bfc062723c751e8b465ee728b)
Start importing Assets using Guid(00000000000000001000000000000000) Importer(815301076,1909f56bfc062723c751e8b465ee728b)  -> (artifact id: '79842766b460edbeab6a34051e857a80') in 0.005672 seconds 
========================================================================
Received Import Request.
  Time since last request: 21.784775 seconds.
  path: Assets/02.Scripts
  artifactKey: Guid(6ea088225f5c9c5499c0167292121c8c) Importer(815301076,1909f56bfc062723c751e8b465ee728b)
Start importing Assets/02.Scripts using Guid(6ea088225f5c9c5499c0167292121c8c) Importer(815301076,1909f56bfc062723c751e8b465ee728b)  -> (artifact id: '470bc3a759ec2db8a7dd48fcc58cac10') in 0.005662 seconds 
========================================================================
Received Import Request.
  Time since last request: 4.862158 seconds.
  path: Assets/Audio
  artifactKey: Guid(d58393c1113a4ae4d975e1d602a72e34) Importer(815301076,1909f56bfc062723c751e8b465ee728b)
Start importing Assets/Audio using Guid(d58393c1113a4ae4d975e1d602a72e34) Importer(815301076,1909f56bfc062723c751e8b465ee728b)  -> (artifact id: '828f1efca1bab611be025c4d59b8fc57') in 0.005530 seconds 
========================================================================
Received Import Request.
  Time since last request: 1.970650 seconds.
  path: Assets/Sprites
  artifactKey: Guid(9a9fd9d8a495c0a479e1793b708200f1) Importer(815301076,1909f56bfc062723c751e8b465ee728b)
Start importing Assets/Sprites using Guid(9a9fd9d8a495c0a479e1793b708200f1) Importer(815301076,1909f56bfc062723c751e8b465ee728b)  -> (artifact id: '3ef8d1df9fcdf321db45c9ef5309cba9') in 0.005459 seconds 
========================================================================
Received Import Request.
  Time since last request: 0.427918 seconds.
  path: Assets/Prefabs
  artifactKey: Guid(32167d81ae035c44f860723313622c99) Importer(815301076,1909f56bfc062723c751e8b465ee728b)
Start importing Assets/Prefabs using Guid(32167d81ae035c44f860723313622c99) Importer(815301076,1909f56bfc062723c751e8b465ee728b)  -> (artifact id: '3d0cbe71b53e305872bd4d56e490e165') in 0.005468 seconds 
========================================================================
Received Import Request.
  Time since last request: 39.932635 seconds.
  path: Assets/03.Prefabs
  artifactKey: Guid(32167d81ae035c44f860723313622c99) Importer(815301076,1909f56bfc062723c751e8b465ee728b)
Start importing Assets/03.Prefabs using Guid(32167d81ae035c44f860723313622c99) Importer(815301076,1909f56bfc062723c751e8b465ee728b)  -> (artifact id: '9b06679100601cdee3d77b7622e72b95') in 0.006762 seconds 
========================================================================
Received Import Request.
  Time since last request: 15.454147 seconds.
  path: Assets/04.Sprites
  artifactKey: Guid(9a9fd9d8a495c0a479e1793b708200f1) Importer(815301076,1909f56bfc062723c751e8b465ee728b)
Start importing Assets/04.Sprites using Guid(9a9fd9d8a495c0a479e1793b708200f1) Importer(815301076,1909f56bfc062723c751e8b465ee728b)  -> (artifact id: 'c07e6830b77e3565ef5c3c9b13b9089b') in 0.005975 seconds 
========================================================================
Received Import Request.
  Time since last request: 10.056057 seconds.
  path: Assets/01.Scenes/NewBehaviourScript.cs
  artifactKey: Guid(e47556f80db2c08459df3631541e55be) Importer(815301076,1909f56bfc062723c751e8b465ee728b)
Start importing Assets/01.Scenes/NewBehaviourScript.cs using Guid(e47556f80db2c08459df3631541e55be) Importer(815301076,1909f56bfc062723c751e8b465ee728b)  -> (artifact id: 'f62bb1d452b63fe330ecdb8e422cf08f') in 0.033886 seconds 
========================================================================
Received Prepare
Registering precompiled user dll's ...
Registered in 0.006343 seconds.
Begin MonoManager ReloadAssembly
Symbol file LoadedFromMemory doesn't match image D:\unity\Github\UniRun\Uni-Run\Library\PackageCache\com.unity.visualscripting@1.7.8\Editor\VisualScripting.Core\Dependencies\YamlDotNet\Unity.VisualScripting.YamlDotNet.dll
Symbol file LoadedFromMemory doesn't match image D:\unity\Github\UniRun\Uni-Run\Library\PackageCache\com.unity.visualscripting@1.7.8\Editor\VisualScripting.Core\Dependencies\DotNetZip\Unity.VisualScripting.IonicZip.dll
Native extension for WindowsStandalone target not found
Refreshing native plugins compatible for Editor in 0.73 ms, found 4 plugins.
Preloading 0 native plugins for Editor in 0.00 ms.
Mono: successfully reloaded assembly
- Completed reload, in  1.121 seconds
Domain Reload Profiling:
	ReloadAssembly (1122ms)
		BeginReloadAssembly (147ms)
			ExecutionOrderSort (0ms)
			DisableScriptedObjects (8ms)
			BackupInstance (0ms)
			ReleaseScriptingObjects (0ms)
			CreateAndSetChildDomain (41ms)
		EndReloadAssembly (856ms)
			LoadAssemblies (98ms)
			RebuildTransferFunctionScriptingTraits (0ms)
			SetupTypeCache (286ms)
			ReleaseScriptCaches (1ms)
			RebuildScriptCaches (47ms)
			SetupLoadedEditorAssemblies (377ms)
				LogAssemblyErrors (0ms)
				InitializePlatformSupportModulesInManaged (14ms)
				SetLoadedEditorAssemblies (1ms)
				RefreshPlugins (1ms)
				BeforeProcessingInitializeOnLoad (87ms)
				ProcessInitializeOnLoadAttributes (219ms)
				ProcessInitializeOnLoadMethodAttributes (45ms)
				AfterProcessingInitializeOnLoad (10ms)
				EditorAssembliesLoaded (0ms)
			ExecutionOrderSort2 (0ms)
			AwakeInstancesAfterBackupRestoration (11ms)
Platform modules already initialized, skipping
Refreshing native plugins compatible for Editor in 2.37 ms, found 4 plugins.
Preloading 0 native plugins for Editor in 0.00 ms.
Unloading 4052 Unused Serialized files (Serialized files now loaded: 0)
Unloading 31 unused Assets / (189.7 KB). Loaded Objects now: 4510.
Memory consumption went from 155.3 MB to 155.2 MB.
Total: 3.238900 ms (FindLiveObjects: 0.294600 ms CreateObjectMapping: 0.251800 ms MarkObjects: 2.554500 ms  DeleteObjects: 0.137100 ms)

AssetImportParameters requested are different than current active one (requested -> active):
  custom:video-decoder-ogg-theora: a1e56fd34408186e4bbccfd4996cb3dc -> 
  custom:container-muxer-webm: aa71ff27fc2769a1b78a27578f13a17b -> 
  custom:container-demuxer-webm: 4f35f7cbe854078d1ac9338744f61a02 -> 
  custom:video-encoder-webm-vp8: eb34c28f22e8b96e1ab97ce403110664 -> 
  custom:audio-encoder-webm-vorbis: bf7c407c2cedff20999df2af8eb42d56 -> 
  custom:framework-win-MediaFoundation: 216162199b28c13a410421893ffa2e32 -> 
  custom:container-demuxer-ogg: 62fdf1f143b41e24485cea50d1cbac27 -> 
  custom:video-decoder-webm-vp8: 9c59270c3fd7afecdb556c50c9e8de78 -> 
  custom:audio-decoder-ogg-vorbis: bf7c407c2cedff20999df2af8eb42d56 -> 
========================================================================
Received Import Request.
  Time since last request: 37.475267 seconds.
  path: Assets/01.Scenes/MScene.unity
  artifactKey: Guid(69a0c4cc20eb1ee419d7b015eedcaff9) Importer(815301076,1909f56bfc062723c751e8b465ee728b)
Start importing Assets/01.Scenes/MScene.unity using Guid(69a0c4cc20eb1ee419d7b015eedcaff9) Importer(815301076,1909f56bfc062723c751e8b465ee728b)  -> (artifact id: 'ebdcd6aea38f6a04d8374eba9cae0936') in 0.013458 seconds 
========================================================================
Received Import Request.
  Time since last request: 10.228375 seconds.
  path: Assets/01.Scenes/Maine.unity
  artifactKey: Guid(69a0c4cc20eb1ee419d7b015eedcaff9) Importer(815301076,1909f56bfc062723c751e8b465ee728b)
Start importing Assets/01.Scenes/Maine.unity using Guid(69a0c4cc20eb1ee419d7b015eedcaff9) Importer(815301076,1909f56bfc062723c751e8b465ee728b)  -> (artifact id: '5b857029456bfa7e04b22f7de5c2b30a') in 0.006023 seconds 
========================================================================
Received Import Request.
  Time since last request: 84.704299 seconds.
  path: Assets/04.Sprites/Platform_Long.png
  artifactKey: Guid(60b5cbf910608489ea5d7bbe0acbf14a) Importer(815301076,1909f56bfc062723c751e8b465ee728b)
Start importing Assets/04.Sprites/Platform_Long.png using Guid(60b5cbf910608489ea5d7bbe0acbf14a) Importer(815301076,1909f56bfc062723c751e8b465ee728b)  -> (artifact id: '07b935f88bbb1f0f50f9769b15f31d67') in 0.134875 seconds 
========================================================================
Received Import Request.
  Time since last request: 90.557291 seconds.
  path: Assets/01.Scenes/SampleScene.unity
  artifactKey: Guid(2cda990e2423bbf4892e6590ba056729) Importer(815301076,1909f56bfc062723c751e8b465ee728b)
Start importing Assets/01.Scenes/SampleScene.unity using Guid(2cda990e2423bbf4892e6590ba056729) Importer(815301076,1909f56bfc062723c751e8b465ee728b)  -> (artifact id: '398fb85b7233fe32a85d9e5af380b8f7') in 0.005954 seconds 
========================================================================
Received Import Request.
  Time since last request: 2.077581 seconds.
  path: Assets/01.Scenes/Maine.unity
  artifactKey: Guid(69a0c4cc20eb1ee419d7b015eedcaff9) Importer(815301076,1909f56bfc062723c751e8b465ee728b)
Start importing Assets/01.Scenes/Maine.unity using Guid(69a0c4cc20eb1ee419d7b015eedcaff9) Importer(815301076,1909f56bfc062723c751e8b465ee728b)  -> (artifact id: '87a4490726e9e5e5b00387b7c34b15af') in 0.001662 seconds 
========================================================================
Received Import Request.
  Time since last request: 26.259114 seconds.
  path: Assets/05Audio
  artifactKey: Guid(d58393c1113a4ae4d975e1d602a72e34) Importer(815301076,1909f56bfc062723c751e8b465ee728b)
Start importing Assets/05Audio using Guid(d58393c1113a4ae4d975e1d602a72e34) Importer(815301076,1909f56bfc062723c751e8b465ee728b)  -> (artifact id: '1dd242712a128a899157508768728571') in 0.005285 seconds 
========================================================================
Received Import Request.
  Time since last request: 25.391602 seconds.
  path: Assets/04.Sprites/Platform.png
  artifactKey: Guid(5741b32a258714aeb878182f438cb29f) Importer(815301076,1909f56bfc062723c751e8b465ee728b)
Start importing Assets/04.Sprites/Platform.png using Guid(5741b32a258714aeb878182f438cb29f) Importer(815301076,1909f56bfc062723c751e8b465ee728b)  -> (artifact id: '1eb12f416c013ba2f4d2c8fac9bd29c7') in 0.020473 seconds 
========================================================================
Received Import Request.
  Time since last request: 21.911421 seconds.
  path: Assets/05.Audio
  artifactKey: Guid(d58393c1113a4ae4d975e1d602a72e34) Importer(815301076,1909f56bfc062723c751e8b465ee728b)
Start importing Assets/05.Audio using Guid(d58393c1113a4ae4d975e1d602a72e34) Importer(815301076,1909f56bfc062723c751e8b465ee728b)  -> (artifact id: 'f158371e268b80f62dc2d6958b704627') in 0.006605 seconds 
========================================================================
Received Import Request.
  Time since last request: 0.711451 seconds.
  path: Assets/Font
  artifactKey: Guid(8998d506ca7b4a0409d920a1073ecd38) Importer(815301076,1909f56bfc062723c751e8b465ee728b)
Start importing Assets/Font using Guid(8998d506ca7b4a0409d920a1073ecd38) Importer(815301076,1909f56bfc062723c751e8b465ee728b)  -> (artifact id: '220c67cf4eab18b0275e003a20a13815') in 0.006634 seconds 
========================================================================
Received Import Request.
  Time since last request: 17.641804 seconds.
  path: Assets/06.Font
  artifactKey: Guid(8998d506ca7b4a0409d920a1073ecd38) Importer(815301076,1909f56bfc062723c751e8b465ee728b)
Start importing Assets/06.Font using Guid(8998d506ca7b4a0409d920a1073ecd38) Importer(815301076,1909f56bfc062723c751e8b465ee728b)  -> (artifact id: '0739f514720bb0b33e885f0719fdfb79') in 0.005539 seconds 
========================================================================
Received Import Request.
  Time since last request: 1516.711509 seconds.
  path: Assets/04.Sprites/Toko_Jump.png
  artifactKey: Guid(f716f7502ddb743ef982e4d223876d5c) Importer(815301076,1909f56bfc062723c751e8b465ee728b)
Start importing Assets/04.Sprites/Toko_Jump.png using Guid(f716f7502ddb743ef982e4d223876d5c) Importer(815301076,1909f56bfc062723c751e8b465ee728b)  -> (artifact id: '951c791de37064a52c19c3ea31254b41') in 0.031421 seconds 
========================================================================
Received Import Request.
  Time since last request: 2.277678 seconds.
  path: Assets/04.Sprites/Toko_Run.png
  artifactKey: Guid(d7159a67a357942ef8404ce06e20db64) Importer(815301076,1909f56bfc062723c751e8b465ee728b)
Start importing Assets/04.Sprites/Toko_Run.png using Guid(d7159a67a357942ef8404ce06e20db64) Importer(815301076,1909f56bfc062723c751e8b465ee728b)  -> (artifact id: '492657bf413bf9899eae9068300d67fb') in 0.022372 seconds 
========================================================================
Received Import Request.
  Time since last request: 11.720814 seconds.
  path: Assets/04.Sprites/Toko_Die.png
  artifactKey: Guid(5b9cf154823f6440b9c40d54c5d1bdad) Importer(815301076,1909f56bfc062723c751e8b465ee728b)
Start importing Assets/04.Sprites/Toko_Die.png using Guid(5b9cf154823f6440b9c40d54c5d1bdad) Importer(815301076,1909f56bfc062723c751e8b465ee728b)  -> (artifact id: '21205ad4b4ba067b466df598879bcfb2') in 0.034340 seconds 
========================================================================
Received Import Request.
  Time since last request: 1012.736492 seconds.
  path: Assets/04.Sprites/Toko_Run.png
  artifactKey: Guid(d7159a67a357942ef8404ce06e20db64) Importer(815301076,1909f56bfc062723c751e8b465ee728b)
Start importing Assets/04.Sprites/Toko_Run.png using Guid(d7159a67a357942ef8404ce06e20db64) Importer(815301076,1909f56bfc062723c751e8b465ee728b)  -> (artifact id: '41d39e8a51a106e7a6eccce25122e328') in 0.017588 seconds 
========================================================================
Received Import Request.
  Time since last request: 583.224270 seconds.
  path: Assets/04.Sprites/Toko_Run.png
  artifactKey: Guid(d7159a67a357942ef8404ce06e20db64) Importer(815301076,1909f56bfc062723c751e8b465ee728b)
Start importing Assets/04.Sprites/Toko_Run.png using Guid(d7159a67a357942ef8404ce06e20db64) Importer(815301076,1909f56bfc062723c751e8b465ee728b)  -> (artifact id: '5bbd496cab0306a1c7322a6f56f420dc') in 0.038479 seconds 
